-- The C compiler identification is GNU 13.3.0
-- The CXX compiler identification is GNU 13.3.0
-- Detecting C compiler ABI info
-- Detecting C compiler ABI info - done
-- Check for working C compiler: /usr/bin/cc - skipped
-- Detecting C compile features
-- Detecting C compile features - done
-- Detecting CXX compiler ABI info
-- Detecting CXX compiler ABI info - done
-- Check for working CXX compiler: /usr/bin/c++ - skipped
-- Detecting CXX compile features
-- Detecting CXX compile features - done
-- Found OpenMP_C: -fopenmp (found version "4.5") 
-- Found OpenMP_CXX: -fopenmp (found version "4.5") 
-- Found OpenMP: TRUE (found version "4.5")  
-- COCA Implementation Configuration:
--   C++ Standard: 17
--   Build Type: Release
--   OpenMP: TRUE
-- Configuring done (4.8s)
-- Generating done (0.2s)
-- Build files have been written to: /mnt/c/Users/rocks/OneDrive/Documents/Fall 2025/RoCA Model Versions/CoCA-Model-v4/build
